#
# There is insufficient memory for the Java Runtime Environment to continue.
# Native memory allocation (malloc) failed to allocate 1223376 bytes for Chunk::new
# Possible reasons:
#   The system is out of physical RAM or swap space
#   The process is running with CompressedOops enabled, and the Java Heap may be blocking the growth of the native heap
# Possible solutions:
#   Reduce memory load on the system
#   Increase physical memory or swap space
#   Check if swap backing store is full
#   Decrease Java heap size (-Xmx/-Xms)
#   Decrease number of Java threads
#   Decrease Java thread stack sizes (-Xss)
#   Set larger code cache with -XX:ReservedCodeCacheSize=
#   JVM is running with Unscaled Compressed Oops mode in which the Java heap is
#     placed in the first 4GB address space. The Java Heap base address is the
#     maximum limit for the native heap growth. Please use -XX:HeapBaseMinAddress
#     to set the Java Heap base and to place the Java Heap above 4GB virtual address.
# This output file may be truncated or incomplete.
#
#  Out of Memory Error (arena.cpp:189), pid=3932, tid=19724
#
# JRE version: OpenJDK Runtime Environment (17.0.6) (build 17.0.6+0-b2043.56-9586694)
# Java VM: OpenJDK 64-Bit Server VM (17.0.6+0-b2043.56-9586694, mixed mode, tiered, compressed oops, compressed class ptrs, g1 gc, windows-amd64)
# No core dump will be written. Minidumps are not enabled by default on client versions of Windows
#

---------------  S U M M A R Y ------------

Command Line: --add-opens=java.base/java.util=ALL-UNNAMED --add-opens=java.base/java.lang=ALL-UNNAMED --add-opens=java.base/java.lang.invoke=ALL-UNNAMED --add-opens=java.prefs/java.util.prefs=ALL-UNNAMED --add-opens=java.base/java.nio.charset=ALL-UNNAMED --add-opens=java.base/java.net=ALL-UNNAMED --add-opens=java.base/java.util.concurrent.atomic=ALL-UNNAMED -Xmx2048m -Dfile.encoding=UTF-8 -Duser.country=CN -Duser.language=zh -Duser.variant org.gradle.launcher.daemon.bootstrap.GradleDaemon 8.0

Host: 11th Gen Intel(R) Core(TM) i7-11800H @ 2.30GHz, 16 cores, 15G,  Windows 10 , 64 bit Build 19041 (10.0.19041.2788)
Time: Fri May 12 19:40:09 2023  Windows 10 , 64 bit Build 19041 (10.0.19041.2788) elapsed time: 5.219891 seconds (0d 0h 0m 5s)

---------------  T H R E A D  ---------------

Current thread (0x00000268e808cc10):  JavaThread "C2 CompilerThread0" daemon [_thread_in_native, id=19724, stack(0x000000d5a9900000,0x000000d5a9a00000)]


Current CompileTask:
C2:   5219 3002   !   4       java.lang.reflect.Executable::declaredAnnotations (85 bytes)

Stack: [0x000000d5a9900000,0x000000d5a9a00000]
Native frames: (J=compiled Java code, j=interpreted, Vv=VM code, C=native code)
V  [jvm.dll+0x683b4a]
V  [jvm.dll+0x842654]
V  [jvm.dll+0x843dfe]
V  [jvm.dll+0x844463]
V  [jvm.dll+0x249b75]
V  [jvm.dll+0xabcac]
V  [jvm.dll+0xac27c]
V  [jvm.dll+0x368802]
V  [jvm.dll+0x332f31]
V  [jvm.dll+0x3323da]
V  [jvm.dll+0x21c201]
V  [jvm.dll+0x21b621]
V  [jvm.dll+0x1a4fdd]
V  [jvm.dll+0x22b098]
V  [jvm.dll+0x229159]
V  [jvm.dll+0x7f809c]
V  [jvm.dll+0x7f25fa]
V  [jvm.dll+0x682985]
C  [ucrtbase.dll+0x21bb2]
C  [KERNEL32.DLL+0x17604]
C  [ntdll.dll+0x526a1]


---------------  P R O C E S S  ---------------

Threads class SMR info:
_java_thread_list=0x00000268eafeb3e0, length=35, elements={
0x00000268ccc7a7c0, 0x00000268e8044ee0, 0x00000268e80469b0, 0x00000268e804ead0,
0x00000268e804f590, 0x00000268e804fe50, 0x00000268e808c020, 0x00000268e808cc10,
0x00000268e808d510, 0x00000268e80bcd50, 0x00000268e821daf0, 0x00000268e8240ff0,
0x00000268e82525d0, 0x00000268e826db50, 0x00000268eb876ea0, 0x00000268eb0ecd40,
0x00000268e8d15360, 0x00000268ea8193e0, 0x00000268ea8198b0, 0x00000268ea86aeb0,
0x00000268eae88060, 0x00000268eb9a8e00, 0x00000268eb9a92d0, 0x00000268eb1b3020,
0x00000268ea7c8d30, 0x00000268ea4e3b80, 0x00000268ebd87cc0, 0x00000268eac1dc40,
0x00000268ebbb7580, 0x00000268eb854350, 0x00000268eb855690, 0x00000268eb854cf0,
0x00000268eb855b60, 0x00000268eb856ea0, 0x00000268eb8534e0
}

Java Threads: ( => current thread )
  0x00000268ccc7a7c0 JavaThread "main" [_thread_blocked, id=13552, stack(0x000000d5a8c00000,0x000000d5a8d00000)]
  0x00000268e8044ee0 JavaThread "Reference Handler" daemon [_thread_blocked, id=9784, stack(0x000000d5a9300000,0x000000d5a9400000)]
  0x00000268e80469b0 JavaThread "Finalizer" daemon [_thread_blocked, id=16296, stack(0x000000d5a9400000,0x000000d5a9500000)]
  0x00000268e804ead0 JavaThread "Signal Dispatcher" daemon [_thread_blocked, id=11328, stack(0x000000d5a9500000,0x000000d5a9600000)]
  0x00000268e804f590 JavaThread "Attach Listener" daemon [_thread_blocked, id=9432, stack(0x000000d5a9600000,0x000000d5a9700000)]
  0x00000268e804fe50 JavaThread "Service Thread" daemon [_thread_blocked, id=7360, stack(0x000000d5a9700000,0x000000d5a9800000)]
  0x00000268e808c020 JavaThread "Monitor Deflation Thread" daemon [_thread_blocked, id=6556, stack(0x000000d5a9800000,0x000000d5a9900000)]
=>0x00000268e808cc10 JavaThread "C2 CompilerThread0" daemon [_thread_in_native, id=19724, stack(0x000000d5a9900000,0x000000d5a9a00000)]
  0x00000268e808d510 JavaThread "C1 CompilerThread0" daemon [_thread_blocked, id=14572, stack(0x000000d5a9a00000,0x000000d5a9b00000)]
  0x00000268e80bcd50 JavaThread "Sweeper thread" daemon [_thread_blocked, id=2244, stack(0x000000d5a9b00000,0x000000d5a9c00000)]
  0x00000268e821daf0 JavaThread "C1 CompilerThread1" daemon [_thread_blocked, id=21628, stack(0x000000d5a9c00000,0x000000d5a9d00000)]
  0x00000268e8240ff0 JavaThread "C1 CompilerThread2" daemon [_thread_blocked, id=13780, stack(0x000000d5a9d00000,0x000000d5a9e00000)]
  0x00000268e82525d0 JavaThread "Common-Cleaner" daemon [_thread_blocked, id=18816, stack(0x000000d5a9e00000,0x000000d5a9f00000)]
  0x00000268e826db50 JavaThread "Notification Thread" daemon [_thread_blocked, id=6596, stack(0x000000d5a9f00000,0x000000d5aa000000)]
  0x00000268eb876ea0 JavaThread "Daemon health stats" [_thread_blocked, id=1136, stack(0x000000d5aa200000,0x000000d5aa300000)]
  0x00000268eb0ecd40 JavaThread "Incoming local TCP Connector on port 52493" [_thread_in_native, id=2040, stack(0x000000d5aa100000,0x000000d5aa200000)]
  0x00000268e8d15360 JavaThread "Daemon periodic checks" [_thread_blocked, id=16436, stack(0x000000d5aa300000,0x000000d5aa400000)]
  0x00000268ea8193e0 JavaThread "Daemon" [_thread_blocked, id=824, stack(0x000000d5aaa00000,0x000000d5aab00000)]
  0x00000268ea8198b0 JavaThread "Handler for socket connection from /127.0.0.1:52493 to /127.0.0.1:52494" [_thread_in_native, id=18924, stack(0x000000d5aab00000,0x000000d5aac00000)]
  0x00000268ea86aeb0 JavaThread "Cancel handler" [_thread_blocked, id=2388, stack(0x000000d5aac00000,0x000000d5aad00000)]
  0x00000268eae88060 JavaThread "Daemon worker" [_thread_in_vm, id=22072, stack(0x000000d5aad00000,0x000000d5aae00000)]
  0x00000268eb9a8e00 JavaThread "Asynchronous log dispatcher for DefaultDaemonConnection: socket connection from /127.0.0.1:52493 to /127.0.0.1:52494" [_thread_blocked, id=12308, stack(0x000000d5aae00000,0x000000d5aaf00000)]
  0x00000268eb9a92d0 JavaThread "Stdin handler" [_thread_blocked, id=14784, stack(0x000000d5aaf00000,0x000000d5ab000000)]
  0x00000268eb1b3020 JavaThread "Daemon client event forwarder" [_thread_blocked, id=9916, stack(0x000000d5ab000000,0x000000d5ab100000)]
  0x00000268ea7c8d30 JavaThread "Cache worker for journal cache (D:\AndroidStudio\.gradle\caches\journal-1)" [_thread_blocked, id=3432, stack(0x000000d5aba00000,0x000000d5abb00000)]
  0x00000268ea4e3b80 JavaThread "File lock request listener" [_thread_in_native, id=1456, stack(0x000000d5abb00000,0x000000d5abc00000)]
  0x00000268ebd87cc0 JavaThread "Cache worker for file hash cache (D:\AndroidStudio\.gradle\caches\8.0\fileHashes)" [_thread_blocked, id=19428, stack(0x000000d5abd00000,0x000000d5abe00000)]
  0x00000268eac1dc40 JavaThread "File watcher server" daemon [_thread_in_native, id=3352, stack(0x000000d5abe00000,0x000000d5abf00000)]
  0x00000268ebbb7580 JavaThread "File watcher consumer" daemon [_thread_blocked, id=9120, stack(0x000000d5abf00000,0x000000d5ac000000)]
  0x00000268eb854350 JavaThread "Cache worker for checksums cache (D:\MyApplication\.gradle\8.0\checksums)" [_thread_blocked, id=5352, stack(0x000000d5ac000000,0x000000d5ac100000)]
  0x00000268eb855690 JavaThread "Cache worker for cache directory md-rule (D:\AndroidStudio\.gradle\caches\8.0\md-rule)" [_thread_blocked, id=5936, stack(0x000000d5ac100000,0x000000d5ac200000)]
  0x00000268eb854cf0 JavaThread "Cache worker for file content cache (D:\AndroidStudio\.gradle\caches\8.0\fileContent)" [_thread_blocked, id=13428, stack(0x000000d5ac200000,0x000000d5ac300000)]
  0x00000268eb855b60 JavaThread "Cache worker for file hash cache (D:\MyApplication\.gradle\8.0\fileHashes)" [_thread_blocked, id=11512, stack(0x000000d5ac300000,0x000000d5ac400000)]
  0x00000268eb856ea0 JavaThread "Cache worker for cache directory md-supplier (D:\AndroidStudio\.gradle\caches\8.0\md-supplier)" [_thread_blocked, id=5952, stack(0x000000d5ac400000,0x000000d5ac500000)]
  0x00000268eb8534e0 JavaThread "Cache worker for execution history cache (D:\AndroidStudio\.gradle\caches\8.0\executionHistory)" [_thread_blocked, id=18360, stack(0x000000d5ac500000,0x000000d5ac600000)]

Other Threads:
  0x00000268e8040410 VMThread "VM Thread" [stack: 0x000000d5a9200000,0x000000d5a9300000] [id=12272]
  0x00000268ccd01230 WatcherThread [stack: 0x000000d5aa000000,0x000000d5aa100000] [id=4504]
  0x00000268cccd92f0 GCTaskThread "GC Thread#0" [stack: 0x000000d5a8d00000,0x000000d5a8e00000] [id=5368]
  0x00000268e93e29a0 GCTaskThread "GC Thread#1" [stack: 0x000000d5aa400000,0x000000d5aa500000] [id=15224]
  0x00000268e94f1ab0 GCTaskThread "GC Thread#2" [stack: 0x000000d5aa500000,0x000000d5aa600000] [id=10828]
  0x00000268e94f2d80 GCTaskThread "GC Thread#3" [stack: 0x000000d5aa600000,0x000000d5aa700000] [id=7832]
  0x00000268e94f1d60 GCTaskThread "GC Thread#4" [stack: 0x000000d5aa700000,0x000000d5aa800000] [id=6572]
  0x00000268e94f22c0 GCTaskThread "GC Thread#5" [stack: 0x000000d5aa800000,0x000000d5aa900000] [id=13548]
  0x00000268e94f1800 GCTaskThread "GC Thread#6" [stack: 0x000000d5ab100000,0x000000d5ab200000] [id=12672]
  0x00000268e94f2010 GCTaskThread "GC Thread#7" [stack: 0x000000d5ab200000,0x000000d5ab300000] [id=10804]
  0x00000268eab3aba0 GCTaskThread "GC Thread#8" [stack: 0x000000d5ab300000,0x000000d5ab400000] [id=1580]
  0x00000268eab39e30 GCTaskThread "GC Thread#9" [stack: 0x000000d5ab400000,0x000000d5ab500000] [id=3204]
  0x00000268eab37890 GCTaskThread "GC Thread#10" [stack: 0x000000d5ab500000,0x000000d5ab600000] [id=12836]
  0x00000268eab37df0 GCTaskThread "GC Thread#11" [stack: 0x000000d5ab600000,0x000000d5ab700000] [id=3584]
  0x00000268eab37b40 GCTaskThread "GC Thread#12" [stack: 0x000000d5ab700000,0x000000d5ab800000] [id=3180]
  0x00000268cccea140 ConcurrentGCThread "G1 Main Marker" [stack: 0x000000d5a8e00000,0x000000d5a8f00000] [id=20128]
  0x00000268ccceb200 ConcurrentGCThread "G1 Conc#0" [stack: 0x000000d5a8f00000,0x000000d5a9000000] [id=20296]
  0x00000268eab390c0 ConcurrentGCThread "G1 Conc#1" [stack: 0x000000d5ab800000,0x000000d5ab900000] [id=19440]
  0x00000268eab39620 ConcurrentGCThread "G1 Conc#2" [stack: 0x000000d5ab900000,0x000000d5aba00000] [id=9088]
  0x00000268e75009e0 ConcurrentGCThread "G1 Refine#0" [stack: 0x000000d5a9000000,0x000000d5a9100000] [id=6408]
  0x00000268e7501310 ConcurrentGCThread "G1 Service" [stack: 0x000000d5a9100000,0x000000d5a9200000] [id=5000]

Threads with active compile tasks:
C2 CompilerThread0     5539 3002   !   4       java.lang.reflect.Executable::declaredAnnotations (85 bytes)

VM state: not at safepoint (normal execution)

VM Mutex/Monitor currently owned by a thread: None

Heap address: 0x0000000080000000, size: 2048 MB, Compressed Oops mode: 32-bit

CDS archive(s) not mapped
Compressed class space mapped at: 0x0000000100000000-0x0000000140000000, reserved size: 1073741824
Narrow klass base: 0x0000000000000000, Narrow klass shift: 3, Narrow klass range: 0x140000000

GC Precious Log:
 CPUs: 16 total, 16 available
 Memory: 16193M
 Large Page Support: Disabled
 NUMA Support: Disabled
 Compressed Oops: Enabled (32-bit)
 Heap Region Size: 1M
 Heap Min Capacity: 8M
 Heap Initial Capacity: 254M
 Heap Max Capacity: 2G
 Pre-touch: Disabled
 Parallel Workers: 13
 Concurrent Workers: 3
 Concurrent Refinement Workers: 13
 Periodic GC: Disabled

Heap:
 garbage-first heap   total 68608K, used 39337K [0x0000000080000000, 0x0000000100000000)
  region size 1024K, 22 young (22528K), 4 survivors (4096K)
 Metaspace       used 33068K, committed 33344K, reserved 1081344K
  class space    used 4533K, committed 4672K, reserved 1048576K

Heap Regions: E=young(eden), S=young(survivor), O=old, HS=humongous(starts), HC=humongous(continues), CS=collection set, F=free, OA=open archive, CA=closed archive, TAMS=top-at-mark-start (previous, next)
|   0|0x0000000080000000, 0x0000000080100000, 0x0000000080100000|100%|HS|  |TAMS 0x0000000080100000, 0x0000000080000000| Complete 
|   1|0x0000000080100000, 0x0000000080200000, 0x0000000080200000|100%|HC|  |TAMS 0x0000000080200000, 0x0000000080100000| Complete 
|   2|0x0000000080200000, 0x0000000080300000, 0x0000000080300000|100%|HC|  |TAMS 0x0000000080300000, 0x0000000080200000| Complete 
|   3|0x0000000080300000, 0x0000000080400000, 0x0000000080400000|100%|HC|  |TAMS 0x0000000080400000, 0x0000000080300000| Complete 
|   4|0x0000000080400000, 0x0000000080500000, 0x0000000080500000|100%| O|  |TAMS 0x0000000080500000, 0x0000000080400000| Untracked 
|   5|0x0000000080500000, 0x0000000080600000, 0x0000000080600000|100%| O|  |TAMS 0x0000000080600000, 0x0000000080500000| Untracked 
|   6|0x0000000080600000, 0x0000000080700000, 0x0000000080700000|100%| O|  |TAMS 0x0000000080700000, 0x0000000080600000| Untracked 
|   7|0x0000000080700000, 0x0000000080800000, 0x0000000080800000|100%| O|  |TAMS 0x0000000080800000, 0x0000000080700000| Untracked 
|   8|0x0000000080800000, 0x0000000080900000, 0x0000000080900000|100%| O|  |TAMS 0x0000000080800000, 0x0000000080800000| Untracked 
|   9|0x0000000080900000, 0x0000000080a00000, 0x0000000080a00000|100%| O|  |TAMS 0x0000000080a00000, 0x0000000080900000| Untracked 
|  10|0x0000000080a00000, 0x0000000080b00000, 0x0000000080b00000|100%| O|  |TAMS 0x0000000080b00000, 0x0000000080a00000| Untracked 
|  11|0x0000000080b00000, 0x0000000080b39e00, 0x0000000080c00000| 22%| O|  |TAMS 0x0000000080b39e00, 0x0000000080b00000| Untracked 
|  12|0x0000000080c00000, 0x0000000080d00000, 0x0000000080d00000|100%| O|  |TAMS 0x0000000080c00000, 0x0000000080c00000| Untracked 
|  13|0x0000000080d00000, 0x0000000080e00000, 0x0000000080e00000|100%| O|  |TAMS 0x0000000080d00000, 0x0000000080d00000| Untracked 
|  14|0x0000000080e00000, 0x0000000080f00000, 0x0000000080f00000|100%| O|  |TAMS 0x0000000080e00000, 0x0000000080e00000| Untracked 
|  15|0x0000000080f00000, 0x0000000081000000, 0x0000000081000000|100%| O|  |TAMS 0x0000000080f00000, 0x0000000080f00000| Untracked 
|  16|0x0000000081000000, 0x0000000081100000, 0x0000000081100000|100%| O|  |TAMS 0x0000000081000000, 0x0000000081000000| Untracked 
|  17|0x0000000081100000, 0x0000000081200000, 0x0000000081200000|100%| O|  |TAMS 0x0000000081100000, 0x0000000081100000| Untracked 
|  18|0x0000000081200000, 0x0000000081291600, 0x0000000081300000| 56%| O|  |TAMS 0x0000000081200000, 0x0000000081200000| Untracked 
|  19|0x0000000081300000, 0x0000000081300000, 0x0000000081400000|  0%| F|  |TAMS 0x0000000081300000, 0x0000000081300000| Untracked 
|  20|0x0000000081400000, 0x0000000081400000, 0x0000000081500000|  0%| F|  |TAMS 0x0000000081400000, 0x0000000081400000| Untracked 
|  21|0x0000000081500000, 0x0000000081500000, 0x0000000081600000|  0%| F|  |TAMS 0x0000000081500000, 0x0000000081500000| Untracked 
|  22|0x0000000081600000, 0x0000000081600000, 0x0000000081700000|  0%| F|  |TAMS 0x0000000081600000, 0x0000000081600000| Untracked 
|  23|0x0000000081700000, 0x0000000081700000, 0x0000000081800000|  0%| F|  |TAMS 0x0000000081700000, 0x0000000081700000| Untracked 
|  24|0x0000000081800000, 0x0000000081800000, 0x0000000081900000|  0%| F|  |TAMS 0x0000000081800000, 0x0000000081800000| Untracked 
|  25|0x0000000081900000, 0x0000000081900000, 0x0000000081a00000|  0%| F|  |TAMS 0x0000000081900000, 0x0000000081900000| Untracked 
|  26|0x0000000081a00000, 0x0000000081a00000, 0x0000000081b00000|  0%| F|  |TAMS 0x0000000081a00000, 0x0000000081a00000| Untracked 
|  27|0x0000000081b00000, 0x0000000081b00000, 0x0000000081c00000|  0%| F|  |TAMS 0x0000000081b00000, 0x0000000081b00000| Untracked 
|  28|0x0000000081c00000, 0x0000000081c00000, 0x0000000081d00000|  0%| F|  |TAMS 0x0000000081c00000, 0x0000000081c00000| Untracked 
|  29|0x0000000081d00000, 0x0000000081d00000, 0x0000000081e00000|  0%| F|  |TAMS 0x0000000081d00000, 0x0000000081d00000| Untracked 
|  30|0x0000000081e00000, 0x0000000081e00000, 0x0000000081f00000|  0%| F|  |TAMS 0x0000000081e00000, 0x0000000081e00000| Untracked 
|  31|0x0000000081f00000, 0x0000000081f00000, 0x0000000082000000|  0%| F|  |TAMS 0x0000000081f00000, 0x0000000081f00000| Untracked 
|  32|0x0000000082000000, 0x0000000082000000, 0x0000000082100000|  0%| F|  |TAMS 0x0000000082000000, 0x0000000082000000| Untracked 
|  33|0x0000000082100000, 0x0000000082100000, 0x0000000082200000|  0%| F|  |TAMS 0x0000000082100000, 0x0000000082100000| Untracked 
|  34|0x0000000082200000, 0x0000000082200000, 0x0000000082300000|  0%| F|  |TAMS 0x0000000082200000, 0x0000000082200000| Untracked 
|  35|0x0000000082300000, 0x0000000082300000, 0x0000000082400000|  0%| F|  |TAMS 0x0000000082300000, 0x0000000082300000| Untracked 
|  36|0x0000000082400000, 0x0000000082400000, 0x0000000082500000|  0%| F|  |TAMS 0x0000000082400000, 0x0000000082400000| Untracked 
|  37|0x0000000082500000, 0x000000008259f3e0, 0x0000000082600000| 62%| S|CS|TAMS 0x0000000082500000, 0x0000000082500000| Complete 
|  38|0x0000000082600000, 0x0000000082700000, 0x0000000082700000|100%| S|CS|TAMS 0x0000000082600000, 0x0000000082600000| Complete 
|  39|0x0000000082700000, 0x0000000082800000, 0x0000000082800000|100%| S|CS|TAMS 0x0000000082700000, 0x0000000082700000| Complete 
|  40|0x0000000082800000, 0x0000000082900000, 0x0000000082900000|100%| S|CS|TAMS 0x0000000082800000, 0x0000000082800000| Complete 
|  41|0x0000000082900000, 0x0000000082900000, 0x0000000082a00000|  0%| F|  |TAMS 0x0000000082900000, 0x0000000082900000| Untracked 
|  42|0x0000000082a00000, 0x0000000082a00000, 0x0000000082b00000|  0%| F|  |TAMS 0x0000000082a00000, 0x0000000082a00000| Untracked 
|  43|0x0000000082b00000, 0x0000000082b00000, 0x0000000082c00000|  0%| F|  |TAMS 0x0000000082b00000, 0x0000000082b00000| Untracked 
|  44|0x0000000082c00000, 0x0000000082c00000, 0x0000000082d00000|  0%| F|  |TAMS 0x0000000082c00000, 0x0000000082c00000| Untracked 
|  45|0x0000000082d00000, 0x0000000082d00000, 0x0000000082e00000|  0%| F|  |TAMS 0x0000000082d00000, 0x0000000082d00000| Untracked 
|  46|0x0000000082e00000, 0x0000000082e00000, 0x0000000082f00000|  0%| F|  |TAMS 0x0000000082e00000, 0x0000000082e00000| Untracked 
|  47|0x0000000082f00000, 0x0000000082f00000, 0x0000000083000000|  0%| F|  |TAMS 0x0000000082f00000, 0x0000000082f00000| Untracked 
|  48|0x0000000083000000, 0x0000000083000000, 0x0000000083100000|  0%| F|  |TAMS 0x0000000083000000, 0x0000000083000000| Untracked 
|  49|0x0000000083100000, 0x0000000083200000, 0x0000000083200000|100%| E|  |TAMS 0x0000000083100000, 0x0000000083100000| Complete 
|  50|0x0000000083200000, 0x0000000083300000, 0x0000000083300000|100%| E|CS|TAMS 0x0000000083200000, 0x0000000083200000| Complete 
|  51|0x0000000083300000, 0x0000000083400000, 0x0000000083400000|100%| E|CS|TAMS 0x0000000083300000, 0x0000000083300000| Complete 
|  52|0x0000000083400000, 0x0000000083500000, 0x0000000083500000|100%| E|CS|TAMS 0x0000000083400000, 0x0000000083400000| Complete 
|  53|0x0000000083500000, 0x0000000083600000, 0x0000000083600000|100%| E|CS|TAMS 0x0000000083500000, 0x0000000083500000| Complete 
|  54|0x0000000083600000, 0x0000000083700000, 0x0000000083700000|100%| E|CS|TAMS 0x0000000083600000, 0x0000000083600000| Complete 
|  55|0x0000000083700000, 0x0000000083800000, 0x0000000083800000|100%| E|CS|TAMS 0x0000000083700000, 0x0000000083700000| Complete 
|  56|0x0000000083800000, 0x0000000083900000, 0x0000000083900000|100%| E|CS|TAMS 0x0000000083800000, 0x0000000083800000| Complete 
|  57|0x0000000083900000, 0x0000000083a00000, 0x0000000083a00000|100%| E|CS|TAMS 0x0000000083900000, 0x0000000083900000| Complete 
| 203|0x000000008cb00000, 0x000000008cc00000, 0x000000008cc00000|100%| E|CS|TAMS 0x000000008cb00000, 0x000000008cb00000| Complete 
| 204|0x000000008cc00000, 0x000000008cd00000, 0x000000008cd00000|100%| E|CS|TAMS 0x000000008cc00000, 0x000000008cc00000| Complete 
| 205|0x000000008cd00000, 0x000000008ce00000, 0x000000008ce00000|100%| E|CS|TAMS 0x000000008cd00000, 0x000000008cd00000| Complete 
| 206|0x000000008ce00000, 0x000000008cf00000, 0x000000008cf00000|100%| E|CS|TAMS 0x000000008ce00000, 0x000000008ce00000| Complete 
| 207|0x000000008cf00000, 0x000000008d000000, 0x000000008d000000|100%| E|CS|TAMS 0x000000008cf00000, 0x000000008cf00000| Complete 
| 208|0x000000008d000000, 0x000000008d100000, 0x000000008d100000|100%| E|CS|TAMS 0x000000008d000000, 0x000000008d000000| Complete 
| 209|0x000000008d100000, 0x000000008d200000, 0x000000008d200000|100%| E|CS|TAMS 0x000000008d100000, 0x000000008d100000| Complete 
| 210|0x000000008d200000, 0x000000008d300000, 0x000000008d300000|100%| E|CS|TAMS 0x000000008d200000, 0x000000008d200000| Complete 
| 253|0x000000008fd00000, 0x000000008fe00000, 0x000000008fe00000|100%| E|CS|TAMS 0x000000008fd00000, 0x000000008fd00000| Complete 

Card table byte_map: [0x00000268dfdd0000,0x00000268e01d0000] _byte_map_base: 0x00000268df9d0000

Marking Bits (Prev, Next): (CMBitMap*) 0x00000268cccd9850, (CMBitMap*) 0x00000268cccd9810
 Prev Bits: [0x00000268e25d0000, 0x00000268e45d0000)
 Next Bits: [0x00000268e05d0000, 0x00000268e25d0000)

Polling page: 0x00000268cac40000

Metaspace:

Usage:
  Non-class:     27.87 MB used.
      Class:      4.43 MB used.
       Both:     32.30 MB used.

Virtual space:
  Non-class space:       32.00 MB reserved,      28.00 MB ( 88%) committed,  4 nodes.
      Class space:        1.00 GB reserved,       4.56 MB ( <1%) committed,  1 nodes.
             Both:        1.03 GB reserved,      32.56 MB (  3%) committed. 

Chunk freelists:
   Non-Class:  3.62 MB
       Class:  3.30 MB
        Both:  6.92 MB

MaxMetaspaceSize: unlimited
CompressedClassSpaceSize: 1.00 GB
Initial GC threshold: 21.00 MB
Current GC threshold: 35.12 MB
CDS: off
MetaspaceReclaimPolicy: balanced
 - commit_granule_bytes: 65536.
 - commit_granule_words: 8192.
 - virtual_space_node_default_size: 1048576.
 - enlarge_chunks_in_place: 1.
 - new_chunks_are_fully_committed: 0.
 - uncommit_free_chunks: 1.
 - use_allocation_guard: 0.
 - handle_deallocations: 1.


Internal statistics:

num_allocs_failed_limit: 3.
num_arena_births: 252.
num_arena_deaths: 0.
num_vsnodes_births: 5.
num_vsnodes_deaths: 0.
num_space_committed: 521.
num_space_uncommitted: 0.
num_chunks_returned_to_freelist: 3.
num_chunks_taken_from_freelist: 1167.
num_chunk_merges: 3.
num_chunk_splits: 770.
num_chunks_enlarged: 553.
num_purges: 0.
num_inconsistent_stats: 0.

CodeHeap 'non-profiled nmethods': size=119168Kb used=1617Kb max_used=1617Kb free=117550Kb
 bounds [0x00000268d7cf0000, 0x00000268d7f60000, 0x00000268df150000]
CodeHeap 'profiled nmethods': size=119104Kb used=6494Kb max_used=6494Kb free=112609Kb
 bounds [0x00000268d0150000, 0x00000268d07b0000, 0x00000268d75a0000]
CodeHeap 'non-nmethods': size=7488Kb used=2371Kb max_used=3013Kb free=5116Kb
 bounds [0x00000268d75a0000, 0x00000268d78a0000, 0x00000268d7cf0000]
 total_blobs=3574 nmethods=3030 adapters=454
 compilation: enabled
              stopped_count=0, restarted_count=0
 full_count=0

Compilation events (20 events):
Event: 4.138 Thread 0x00000268eb7148d0 nmethod 3013 0x00000268d7e82890 code [0x00000268d7e82a40, 0x00000268d7e82c68]
Event: 4.138 Thread 0x00000268eb7148d0 3019       4       java.lang.invoke.MethodType$ConcurrentWeakInternSet::get (47 bytes)
Event: 4.138 Thread 0x00000268e8240ff0 3025       3       org.gradle.internal.instantiation.generator.AbstractClassGenerator$PropertyMetadata$$Lambda$106/0x000000010025f2e0::<init> (15 bytes)
Event: 4.138 Thread 0x00000268e8240ff0 nmethod 3025 0x00000268d07a0110 code [0x00000268d07a02c0, 0x00000268d07a04d8]
Event: 4.138 Thread 0x00000268e8240ff0 3026       3       java.util.Optional::orElseGet (21 bytes)
Event: 4.138 Thread 0x00000268ea4fd300 nmethod 3024 0x00000268d07a0590 code [0x00000268d07a07c0, 0x00000268d07a0f28]
Event: 4.138 Thread 0x00000268e8240ff0 nmethod 3026 0x00000268d07a1190 code [0x00000268d07a1340, 0x00000268d07a1568]
Event: 4.138 Thread 0x00000268ea4fd300 3027       3       org.gradle.internal.instantiation.generator.AbstractClassGenerator$PropertyMetadata$$Lambda$106/0x000000010025f2e0::get (12 bytes)
Event: 4.138 Thread 0x00000268e8240ff0 3028       3       org.gradle.internal.instantiation.generator.AbstractClassGenerator$PropertyMetadata::lambda$findAnnotation$1 (6 bytes)
Event: 4.138 Thread 0x00000268e8240ff0 nmethod 3028 0x00000268d07a1610 code [0x00000268d07a1840, 0x00000268d07a2028]
Event: 4.138 Thread 0x00000268e808d510 nmethod 3023 0x00000268d07a2310 code [0x00000268d07a25e0, 0x00000268d07a3728]
Event: 4.138 Thread 0x00000268ea4fd300 nmethod 3027 0x00000268d07a3c90 code [0x00000268d07a3ec0, 0x00000268d07a4728]
Event: 4.138 Thread 0x00000268e821daf0 nmethod 3022 0x00000268d07a4a90 code [0x00000268d07a4d80, 0x00000268d07a5f88]
Event: 4.139 Thread 0x00000268e821daf0 3029       3       java.lang.reflect.Constructor::getParameterTypes (11 bytes)
Event: 4.139 Thread 0x00000268ea4fd300 3030       3       java.util.Collections$SingletonList::iterator (8 bytes)
Event: 4.139 Thread 0x00000268e821daf0 nmethod 3029 0x00000268d07a6510 code [0x00000268d07a66c0, 0x00000268d07a6968]
Event: 4.139 Thread 0x00000268ea4fd300 nmethod 3030 0x00000268d07a6a90 code [0x00000268d07a6c40, 0x00000268d07a6f18]
Event: 4.146 Thread 0x00000268eb7148d0 nmethod 3019 0x00000268d7e82e90 code [0x00000268d7e83080, 0x00000268d7e83fa8]
Event: 4.800 Thread 0x00000268e8240ff0 3031       3       java.util.concurrent.TimeUnit::toNanos (45 bytes)
Event: 4.800 Thread 0x00000268e8240ff0 nmethod 3031 0x00000268d07a7010 code [0x00000268d07a71c0, 0x00000268d07a7438]

GC Heap History (10 events):
Event: 0.428 GC heap before
{Heap before GC invocations=0 (full 0):
 garbage-first heap   total 260096K, used 26624K [0x0000000080000000, 0x0000000100000000)
  region size 1024K, 23 young (23552K), 0 survivors (0K)
 Metaspace       used 10299K, committed 10496K, reserved 1064960K
  class space    used 1061K, committed 1152K, reserved 1048576K
}
Event: 0.431 GC heap after
{Heap after GC invocations=1 (full 0):
 garbage-first heap   total 260096K, used 10344K [0x0000000080000000, 0x0000000100000000)
  region size 1024K, 3 young (3072K), 3 survivors (3072K)
 Metaspace       used 10299K, committed 10496K, reserved 1064960K
  class space    used 1061K, committed 1152K, reserved 1048576K
}
Event: 0.580 GC heap before
{Heap before GC invocations=1 (full 0):
 garbage-first heap   total 260096K, used 39016K [0x0000000080000000, 0x0000000100000000)
  region size 1024K, 30 young (30720K), 3 survivors (3072K)
 Metaspace       used 11246K, committed 11456K, reserved 1064960K
  class space    used 1164K, committed 1280K, reserved 1048576K
}
Event: 0.583 GC heap after
{Heap after GC invocations=2 (full 0):
 garbage-first heap   total 260096K, used 12751K [0x0000000080000000, 0x0000000100000000)
  region size 1024K, 3 young (3072K), 3 survivors (3072K)
 Metaspace       used 11246K, committed 11456K, reserved 1064960K
  class space    used 1164K, committed 1280K, reserved 1048576K
}
Event: 1.849 GC heap before
{Heap before GC invocations=2 (full 0):
 garbage-first heap   total 260096K, used 52687K [0x0000000080000000, 0x0000000100000000)
  region size 1024K, 43 young (44032K), 3 survivors (3072K)
 Metaspace       used 21198K, committed 21504K, reserved 1073152K
  class space    used 2558K, committed 2688K, reserved 1048576K
}
Event: 1.852 GC heap after
{Heap after GC invocations=3 (full 0):
 garbage-first heap   total 260096K, used 18425K [0x0000000080000000, 0x0000000100000000)
  region size 1024K, 8 young (8192K), 8 survivors (8192K)
 Metaspace       used 21198K, committed 21504K, reserved 1073152K
  class space    used 2558K, committed 2688K, reserved 1048576K
}
Event: 3.045 GC heap before
{Heap before GC invocations=4 (full 0):
 garbage-first heap   total 68608K, used 51193K [0x0000000080000000, 0x0000000100000000)
  region size 1024K, 40 young (40960K), 8 survivors (8192K)
 Metaspace       used 26186K, committed 26560K, reserved 1073152K
  class space    used 3419K, committed 3584K, reserved 1048576K
}
Event: 3.063 GC heap after
{Heap after GC invocations=5 (full 0):
 garbage-first heap   total 68608K, used 20622K [0x0000000080000000, 0x0000000100000000)
  region size 1024K, 3 young (3072K), 3 survivors (3072K)
 Metaspace       used 26186K, committed 26560K, reserved 1073152K
  class space    used 3419K, committed 3584K, reserved 1048576K
}
Event: 3.974 GC heap before
{Heap before GC invocations=5 (full 0):
 garbage-first heap   total 68608K, used 47246K [0x0000000080000000, 0x0000000100000000)
  region size 1024K, 29 young (29696K), 3 survivors (3072K)
 Metaspace       used 30326K, committed 30656K, reserved 1081344K
  class space    used 4099K, committed 4224K, reserved 1048576K
}
Event: 3.975 GC heap after
{Heap after GC invocations=6 (full 0):
 garbage-first heap   total 68608K, used 21929K [0x0000000080000000, 0x0000000100000000)
  region size 1024K, 4 young (4096K), 4 survivors (4096K)
 Metaspace       used 30326K, committed 30656K, reserved 1081344K
  class space    used 4099K, committed 4224K, reserved 1048576K
}

Dll operation events (2 events):
Event: 0.011 Loaded shared library D:\AndroidStudio\jbr\bin\java.dll
Event: 0.236 Loaded shared library D:\AndroidStudio\jbr\bin\verify.dll

Deoptimization events (20 events):
Event: 3.125 Thread 0x00000268eae88060 DEOPT PACKING pc=0x00000268d7d23e74 sp=0x000000d5aadf9a60
Event: 3.125 Thread 0x00000268eae88060 DEOPT UNPACKING pc=0x00000268d75fa1a3 sp=0x000000d5aadf99a0 mode 2
Event: 3.623 Thread 0x00000268eae88060 Uncommon trap: trap_request=0xffffff76 fr.pc=0x00000268d7e419f4 relative=0x0000000000000154
Event: 3.623 Thread 0x00000268eae88060 Uncommon trap: reason=predicate action=maybe_recompile pc=0x00000268d7e419f4 method=com.google.common.base.CharMatcher.indexIn(Ljava/lang/CharSequence;I)I @ 19 c2
Event: 3.623 Thread 0x00000268eae88060 DEOPT PACKING pc=0x00000268d7e419f4 sp=0x000000d5aadfb400
Event: 3.623 Thread 0x00000268eae88060 DEOPT UNPACKING pc=0x00000268d75fa1a3 sp=0x000000d5aadfb390 mode 2
Event: 3.652 Thread 0x00000268eae88060 DEOPT PACKING pc=0x00000268d0514c7e sp=0x000000d5aadfae20
Event: 3.652 Thread 0x00000268eae88060 DEOPT UNPACKING pc=0x00000268d75face3 sp=0x000000d5aadfa290 mode 0
Event: 3.669 Thread 0x00000268eae88060 Uncommon trap: trap_request=0xffffff45 fr.pc=0x00000268d7d7a564 relative=0x00000000000005c4
Event: 3.669 Thread 0x00000268eae88060 Uncommon trap: reason=unstable_if action=reinterpret pc=0x00000268d7d7a564 method=java.util.Properties$LineReader.readLine()I @ 95 c2
Event: 3.669 Thread 0x00000268eae88060 DEOPT PACKING pc=0x00000268d7d7a564 sp=0x000000d5aadfb0e0
Event: 3.669 Thread 0x00000268eae88060 DEOPT UNPACKING pc=0x00000268d75fa1a3 sp=0x000000d5aadfb090 mode 2
Event: 3.978 Thread 0x00000268eae88060 Uncommon trap: trap_request=0xffffff45 fr.pc=0x00000268d7d45a8c relative=0x00000000000005cc
Event: 3.978 Thread 0x00000268eae88060 Uncommon trap: reason=unstable_if action=reinterpret pc=0x00000268d7d45a8c method=java.util.HashMap.hash(Ljava/lang/Object;)I @ 1 c2
Event: 3.978 Thread 0x00000268eae88060 DEOPT PACKING pc=0x00000268d7d45a8c sp=0x000000d5aadf7960
Event: 3.978 Thread 0x00000268eae88060 DEOPT UNPACKING pc=0x00000268d75fa1a3 sp=0x000000d5aadf7808 mode 2
Event: 4.083 Thread 0x00000268eae88060 DEOPT PACKING pc=0x00000268d060b592 sp=0x000000d5aadf86d0
Event: 4.083 Thread 0x00000268eae88060 DEOPT UNPACKING pc=0x00000268d75face3 sp=0x000000d5aadf7be0 mode 0
Event: 4.138 Thread 0x00000268eae88060 DEOPT PACKING pc=0x00000268d0514c7e sp=0x000000d5aadf7920
Event: 4.138 Thread 0x00000268eae88060 DEOPT UNPACKING pc=0x00000268d75face3 sp=0x000000d5aadf6d90 mode 0

Classes unloaded (0 events):
No events

Classes redefined (0 events):
No events

Internal exceptions (20 events):
Event: 2.998 Thread 0x00000268eae88060 Exception <a 'java/lang/NoSuchMethodError'{0x0000000081c30110}: 'java.lang.Object java.lang.invoke.DirectMethodHandle$Holder.invokeVirtual(java.lang.Object, java.lang.Object, java.lang.Object, java.lang.Object, java.lang.Object, java.lang.Object, java.lang.Object, java.lang.Object, java.lang.Object, java.lang.Object, java.lang.Object, java.lang.Object, java.lang.Object, java.lang.Object, java.lang.Object, java.lang.Object, java.lang.Object, java.lang.Object, java.lang.Object, java.lang.Object, java.lang.Ob
Event: 3.125 Thread 0x00000268eae88060 Implicit null exception at 0x00000268d7d23dd8 to 0x00000268d7d23e6a
Event: 3.342 Thread 0x00000268eae88060 Exception <a 'java/lang/NoSuchMethodError'{0x000000008cdbe7d0}: 'void java.lang.invoke.DirectMethodHandle$Holder.invokeStaticInit(java.lang.Object, java.lang.Object)'> (0x000000008cdbe7d0) 
thrown [s\src\hotspot\share\interpreter\linkResolver.cpp, line 771]
Event: 3.415 Thread 0x00000268eae88060 Exception <a 'java/lang/NoSuchMethodError'{0x000000008ccfed78}: 'java.lang.Object java.lang.invoke.DirectMethodHandle$Holder.invokeStaticInit(java.lang.Object, java.lang.Object, java.lang.Object)'> (0x000000008ccfed78) 
thrown [s\src\hotspot\share\interpreter\linkResolver.cpp, line 771]
Event: 3.416 Thread 0x00000268eae88060 Exception <a 'java/lang/NoSuchMethodError'{0x000000008cb09338}: 'void java.lang.invoke.DirectMethodHandle$Holder.invokeStatic(java.lang.Object, java.lang.Object, java.lang.Object, java.lang.Object, java.lang.Object, java.lang.Object)'> (0x000000008cb09338) 
thrown [s\src\hotspot\share\interpreter\linkResolver.cpp, line 771]
Event: 3.637 Thread 0x00000268eae88060 Exception <a 'java/lang/NoSuchMethodError'{0x00000000837a3e30}: 'void java.lang.invoke.DirectMethodHandle$Holder.invokeStatic(java.lang.Object, java.lang.Object, java.lang.Object, java.lang.Object)'> (0x00000000837a3e30) 
thrown [s\src\hotspot\share\interpreter\linkResolver.cpp, line 771]
Event: 3.638 Thread 0x00000268eae88060 Exception <a 'java/lang/NoSuchMethodError'{0x00000000837b74c8}: 'int java.lang.invoke.DirectMethodHandle$Holder.invokeVirtual(java.lang.Object, java.lang.Object)'> (0x00000000837b74c8) 
thrown [s\src\hotspot\share\interpreter\linkResolver.cpp, line 771]
Event: 3.640 Thread 0x00000268eae88060 Exception <a 'java/lang/NoSuchMethodError'{0x00000000837ec1d8}: 'int java.lang.invoke.DirectMethodHandle$Holder.invokeVirtual(java.lang.Object, java.lang.Object, java.lang.Object)'> (0x00000000837ec1d8) 
thrown [s\src\hotspot\share\interpreter\linkResolver.cpp, line 771]
Event: 3.861 Thread 0x00000268eae88060 Exception <a 'java/lang/NoSuchMethodError'{0x0000000082d2c3a0}: 'java.lang.Object java.lang.invoke.DirectMethodHandle$Holder.invokeSpecialIFC(java.lang.Object, java.lang.Object, java.lang.Object, java.lang.Object)'> (0x0000000082d2c3a0) 
thrown [s\src\hotspot\share\interpreter\linkResolver.cpp, line 771]
Event: 3.978 Thread 0x00000268eae88060 Implicit null exception at 0x00000268d7d4550c to 0x00000268d7d45a6c
Event: 4.000 Thread 0x00000268eae88060 Exception <a 'java/lang/NoSuchMethodError'{0x000000008d1879a0}: 'java.lang.Object java.lang.invoke.DirectMethodHandle$Holder.invokeSpecial(java.lang.Object, java.lang.Object, java.lang.Object, java.lang.Object, java.lang.Object, java.lang.Object, java.lang.Object, java.lang.Object, java.lang.Object, java.lang.Object, java.lang.Object, java.lang.Object, java.lang.Object)'> (0x000000008d1879a0) 
thrown [s\src\hotspot\share\interpreter\linkResolver.cpp, line 771]
Event: 4.000 Thread 0x00000268eae88060 Exception <a 'java/lang/NoSuchMethodError'{0x000000008d198d20}: 'java.lang.Object java.lang.invoke.DirectMethodHandle$Holder.newInvokeSpecial(java.lang.Object, java.lang.Object, java.lang.Object, java.lang.Object, java.lang.Object, java.lang.Object, java.lang.Object, java.lang.Object, java.lang.Object, java.lang.Object, java.lang.Object)'> (0x000000008d198d20) 
thrown [s\src\hotspot\share\interpreter\linkResolver.cpp, line 771]
Event: 4.000 Thread 0x00000268eae88060 Exception <a 'java/lang/NoSuchMethodError'{0x000000008d19ddb8}: 'java.lang.Object java.lang.invoke.Invokers$Holder.linkToTargetMethod(java.lang.Object, java.lang.Object, java.lang.Object, java.lang.Object, java.lang.Object, java.lang.Object, java.lang.Object, java.lang.Object, java.lang.Object, java.lang.Object, java.lang.Object)'> (0x000000008d19ddb8) 
thrown [s\src\hotspot\share\interpreter\linkResolver.cpp, line 771]
Event: 4.003 Thread 0x00000268eae88060 Exception <a 'java/lang/NoSuchMethodError'{0x000000008d1e3640}: 'java.lang.Object java.lang.invoke.DirectMethodHandle$Holder.invokeSpecial(java.lang.Object, java.lang.Object, java.lang.Object, java.lang.Object, java.lang.Object, java.lang.Object, java.lang.Object, java.lang.Object, java.lang.Object, java.lang.Object, java.lang.Object, java.lang.Object, java.lang.Object, java.lang.Object)'> (0x000000008d1e3640) 
thrown [s\src\hotspot\share\interpreter\linkResolver.cpp, line 771]
Event: 4.003 Thread 0x00000268eae88060 Exception <a 'java/lang/NoSuchMethodError'{0x000000008d1f59c0}: 'java.lang.Object java.lang.invoke.DirectMethodHandle$Holder.newInvokeSpecial(java.lang.Object, java.lang.Object, java.lang.Object, java.lang.Object, java.lang.Object, java.lang.Object, java.lang.Object, java.lang.Object, java.lang.Object, java.lang.Object, java.lang.Object, java.lang.Object)'> (0x000000008d1f59c0) 
thrown [s\src\hotspot\share\interpreter\linkResolver.cpp, line 771]
Event: 4.003 Thread 0x00000268eae88060 Exception <a 'java/lang/NoSuchMethodError'{0x000000008d1fb358}: 'java.lang.Object java.lang.invoke.Invokers$Holder.linkToTargetMethod(java.lang.Object, java.lang.Object, java.lang.Object, java.lang.Object, java.lang.Object, java.lang.Object, java.lang.Object, java.lang.Object, java.lang.Object, java.lang.Object, java.lang.Object, java.lang.Object)'> (0x000000008d1fb358) 
thrown [s\src\hotspot\share\interpreter\linkResolver.cpp, line 771]
Event: 4.010 Thread 0x00000268eae88060 Exception <a 'java/lang/NoSuchMethodError'{0x000000008d098290}: 'java.lang.Object java.lang.invoke.DirectMethodHandle$Holder.invokeStaticInit(java.lang.Object, java.lang.Object, java.lang.Object, java.lang.Object)'> (0x000000008d098290) 
thrown [s\src\hotspot\share\interpreter\linkResolver.cpp, line 771]
Event: 4.104 Thread 0x00000268eae88060 Exception <a 'java/lang/NoSuchMethodError'{0x00000000836bae38}: 'java.lang.Object java.lang.invoke.DirectMethodHandle$Holder.newInvokeSpecial(java.lang.Object, java.lang.Object, java.lang.Object, java.lang.Object, java.lang.Object, java.lang.Object, java.lang.Object, java.lang.Object)'> (0x00000000836bae38) 
thrown [s\src\hotspot\share\interpreter\linkResolver.cpp, line 771]
Event: 4.104 Thread 0x00000268eae88060 Exception <a 'java/lang/NoSuchMethodError'{0x00000000836c0e60}: 'java.lang.Object java.lang.invoke.Invokers$Holder.linkToTargetMethod(java.lang.Object, java.lang.Object, java.lang.Object, java.lang.Object, java.lang.Object, java.lang.Object, java.lang.Object, java.lang.Object)'> (0x00000000836c0e60) 
thrown [s\src\hotspot\share\interpreter\linkResolver.cpp, line 771]
Event: 4.108 Thread 0x00000268eae88060 Exception <a 'java/lang/IncompatibleClassChangeError'{0x00000000835233e8}: Found class java.lang.Object, but interface was expected> (0x00000000835233e8) 
thrown [s\src\hotspot\share\interpreter\linkResolver.cpp, line 838]

VM Operations (20 events):
Event: 1.837 Executing VM operation: ICBufferFull done
Event: 1.849 Executing VM operation: CollectForMetadataAllocation
Event: 1.852 Executing VM operation: CollectForMetadataAllocation done
Event: 1.854 Executing VM operation: G1Concurrent
Event: 1.855 Executing VM operation: G1Concurrent done
Event: 1.855 Executing VM operation: G1Concurrent
Event: 1.856 Executing VM operation: G1Concurrent done
Event: 2.205 Executing VM operation: HandshakeAllThreads
Event: 2.205 Executing VM operation: HandshakeAllThreads done
Event: 2.205 Executing VM operation: HandshakeAllThreads
Event: 2.205 Executing VM operation: HandshakeAllThreads done
Event: 3.045 Executing VM operation: G1CollectForAllocation
Event: 3.063 Executing VM operation: G1CollectForAllocation done
Event: 3.973 Executing VM operation: G1CollectForAllocation
Event: 3.975 Executing VM operation: G1CollectForAllocation done
Event: 3.980 Executing VM operation: HandshakeAllThreads
Event: 3.980 Executing VM operation: HandshakeAllThreads done
Event: 4.101 Executing VM operation: HandshakeAllThreads
Event: 4.101 Executing VM operation: HandshakeAllThreads done
Event: 5.112 Executing VM operation: Cleanup

Events (20 events):
Event: 3.640 loading class java/util/ArrayDeque$DeqSpliterator
Event: 3.640 loading class java/util/ArrayDeque$DeqSpliterator done
Event: 3.857 Thread 0x00000268eb854350 Thread added: 0x00000268eb854350
Event: 3.873 Thread 0x00000268eb855690 Thread added: 0x00000268eb855690
Event: 3.885 Thread 0x00000268eb854cf0 Thread added: 0x00000268eb854cf0
Event: 3.978 loading class sun/reflect/misc/ReflectUtil
Event: 3.978 loading class sun/reflect/misc/ReflectUtil done
Event: 3.980 loading class java/lang/Class$EnclosingMethodInfo
Event: 3.980 loading class java/lang/Class$EnclosingMethodInfo done
Event: 3.981 loading class sun/reflect/generics/tree/IntSignature
Event: 3.981 loading class sun/reflect/generics/tree/IntSignature done
Event: 3.981 loading class sun/reflect/generics/tree/ArrayTypeSignature
Event: 3.981 loading class sun/reflect/generics/tree/ArrayTypeSignature done
Event: 3.983 loading class java/lang/SafeVarargs
Event: 3.983 loading class java/lang/SafeVarargs done
Event: 3.987 loading class java/util/regex/Pattern$GroupCurly
Event: 3.987 loading class java/util/regex/Pattern$GroupCurly done
Event: 4.007 Thread 0x00000268eb855b60 Thread added: 0x00000268eb855b60
Event: 4.018 Thread 0x00000268eb856ea0 Thread added: 0x00000268eb856ea0
Event: 4.087 Thread 0x00000268eb8534e0 Thread added: 0x00000268eb8534e0


Dynamic libraries:
0x00007ff63b410000 - 0x00007ff63b41a000 	D:\AndroidStudio\jbr\bin\java.exe
0x00007ffa02cf0000 - 0x00007ffa02ee8000 	C:\Windows\SYSTEM32\ntdll.dll
0x00007ffa01a00000 - 0x00007ffa01abf000 	C:\Windows\System32\KERNEL32.DLL
0x00007ffa009e0000 - 0x00007ffa00cba000 	C:\Windows\System32\KERNELBASE.dll
0x00007ffa008e0000 - 0x00007ffa009e0000 	C:\Windows\System32\ucrtbase.dll
0x00007ff9ea190000 - 0x00007ff9ea1a7000 	D:\AndroidStudio\jbr\bin\jli.dll
0x00007ff9e9cc0000 - 0x00007ff9e9cdb000 	D:\AndroidStudio\jbr\bin\VCRUNTIME140.dll
0x00007ffa02450000 - 0x00007ffa025ed000 	C:\Windows\System32\USER32.dll
0x00007ffa00720000 - 0x00007ffa00742000 	C:\Windows\System32\win32u.dll
0x00007ffa01570000 - 0x00007ffa0159b000 	C:\Windows\System32\GDI32.dll
0x00007ffa00610000 - 0x00007ffa00720000 	C:\Windows\System32\gdi32full.dll
0x00007ff9ecbc0000 - 0x00007ff9ece5a000 	C:\Windows\WinSxS\amd64_microsoft.windows.common-controls_6595b64144ccf1df_6.0.19041.1110_none_60b5254171f9507e\COMCTL32.dll
0x00007ffa004c0000 - 0x00007ffa0055d000 	C:\Windows\System32\msvcp_win.dll
0x00007ffa01450000 - 0x00007ffa014ee000 	C:\Windows\System32\msvcrt.dll
0x00007ffa02c80000 - 0x00007ffa02cb0000 	C:\Windows\System32\IMM32.DLL
0x00007ff9f6d80000 - 0x00007ff9f6d8c000 	D:\AndroidStudio\jbr\bin\vcruntime140_1.dll
0x00007ff9c5d70000 - 0x00007ff9c5dfd000 	D:\AndroidStudio\jbr\bin\msvcp140.dll
0x00007ff9b1530000 - 0x00007ff9b219d000 	D:\AndroidStudio\jbr\bin\server\jvm.dll
0x00007ffa01ac0000 - 0x00007ffa01b6e000 	C:\Windows\System32\ADVAPI32.dll
0x00007ffa01960000 - 0x00007ffa019fc000 	C:\Windows\System32\sechost.dll
0x00007ffa012f0000 - 0x00007ffa01416000 	C:\Windows\System32\RPCRT4.dll
0x00007ff9f52b0000 - 0x00007ff9f52d7000 	C:\Windows\SYSTEM32\WINMM.dll
0x00007ff9f5de0000 - 0x00007ff9f5dea000 	C:\Windows\SYSTEM32\VERSION.dll
0x00007ff9fd690000 - 0x00007ff9fd699000 	C:\Windows\SYSTEM32\WSOCK32.dll
0x00007ffa025f0000 - 0x00007ffa0265b000 	C:\Windows\System32\WS2_32.dll
0x00007ff9fec50000 - 0x00007ff9fec62000 	C:\Windows\SYSTEM32\kernel.appcore.dll
0x00007ff9f4f20000 - 0x00007ff9f4f2a000 	D:\AndroidStudio\jbr\bin\jimage.dll
0x00007ff9fe100000 - 0x00007ff9fe2e4000 	C:\Windows\SYSTEM32\DBGHELP.DLL
0x00007ff9eb760000 - 0x00007ff9eb794000 	C:\Windows\SYSTEM32\dbgcore.DLL
0x00007ffa00cc0000 - 0x00007ffa00d42000 	C:\Windows\System32\bcryptPrimitives.dll
0x00007ff9e6c20000 - 0x00007ff9e6c45000 	D:\AndroidStudio\jbr\bin\java.dll
0x00007ff9ece60000 - 0x00007ff9ece78000 	D:\AndroidStudio\jbr\bin\zip.dll
0x00007ffa01cf0000 - 0x00007ffa02434000 	C:\Windows\System32\SHELL32.dll
0x00007ff9fe4a0000 - 0x00007ff9fec33000 	C:\Windows\SYSTEM32\windows.storage.dll
0x00007ffa015a0000 - 0x00007ffa018f4000 	C:\Windows\System32\combase.dll
0x00007ff9ffe60000 - 0x00007ff9ffe8e000 	C:\Windows\SYSTEM32\Wldp.dll
0x00007ffa02840000 - 0x00007ffa028ed000 	C:\Windows\System32\SHCORE.dll
0x00007ffa01900000 - 0x00007ffa01955000 	C:\Windows\System32\shlwapi.dll
0x00007ffa00340000 - 0x00007ffa0035f000 	C:\Windows\SYSTEM32\profapi.dll
0x00007ff9e6c00000 - 0x00007ff9e6c19000 	D:\AndroidStudio\jbr\bin\net.dll
0x00007ff9fabc0000 - 0x00007ff9facca000 	C:\Windows\SYSTEM32\WINHTTP.dll
0x00007ff9ffbc0000 - 0x00007ff9ffc2a000 	C:\Windows\system32\mswsock.dll
0x00007ff9e6be0000 - 0x00007ff9e6bf6000 	D:\AndroidStudio\jbr\bin\nio.dll
0x00007ff9eb2b0000 - 0x00007ff9eb2c0000 	D:\AndroidStudio\jbr\bin\verify.dll
0x00007ff9eefc0000 - 0x00007ff9eefe7000 	D:\AndroidStudio\.gradle\native\68d5fa5c4cc2d200863cafc0d521ce42e7d3e7ee720ec0a83991735586a16f82\windows-amd64\native-platform.dll
0x00007ff9af570000 - 0x00007ff9af6b4000 	D:\AndroidStudio\.gradle\native\e376f236ea51e6404a007f0833ffe2c6e607c4080706a723a18a27aeea778392\windows-amd64\native-platform-file-events.dll
0x00007ff9ecb60000 - 0x00007ff9ecb69000 	D:\AndroidStudio\jbr\bin\management.dll
0x00007ff9ecb50000 - 0x00007ff9ecb5b000 	D:\AndroidStudio\jbr\bin\management_ext.dll
0x00007ffa02440000 - 0x00007ffa02448000 	C:\Windows\System32\PSAPI.DLL
0x00007ff9ffdb0000 - 0x00007ff9ffdc8000 	C:\Windows\SYSTEM32\CRYPTSP.dll
0x00007ff9ff470000 - 0x00007ff9ff4a4000 	C:\Windows\system32\rsaenh.dll
0x00007ffa008b0000 - 0x00007ffa008d7000 	C:\Windows\System32\bcrypt.dll
0x00007ffa00300000 - 0x00007ffa0032e000 	C:\Windows\SYSTEM32\USERENV.dll
0x00007ff9ffdd0000 - 0x00007ff9ffddc000 	C:\Windows\SYSTEM32\CRYPTBASE.dll
0x00007ff9ff860000 - 0x00007ff9ff89c000 	C:\Windows\SYSTEM32\IPHLPAPI.DLL
0x00007ffa01420000 - 0x00007ffa01428000 	C:\Windows\System32\NSI.dll
0x00007ff9f85a0000 - 0x00007ff9f85b7000 	C:\Windows\SYSTEM32\dhcpcsvc6.DLL
0x00007ff9f91b0000 - 0x00007ff9f91cd000 	C:\Windows\SYSTEM32\dhcpcsvc.DLL
0x00007ff9ff8a0000 - 0x00007ff9ff96b000 	C:\Windows\SYSTEM32\DNSAPI.dll
0x00007ff9e6af0000 - 0x00007ff9e6af7000 	C:\Windows\system32\wshunix.dll

dbghelp: loaded successfully - version: 4.0.5 - missing functions: none
symbol engine: initialized successfully - sym options: 0x614 - pdb path: .;D:\AndroidStudio\jbr\bin;C:\Windows\SYSTEM32;C:\Windows\WinSxS\amd64_microsoft.windows.common-controls_6595b64144ccf1df_6.0.19041.1110_none_60b5254171f9507e;D:\AndroidStudio\jbr\bin\server;D:\AndroidStudio\.gradle\native\68d5fa5c4cc2d200863cafc0d521ce42e7d3e7ee720ec0a83991735586a16f82\windows-amd64;D:\AndroidStudio\.gradle\native\e376f236ea51e6404a007f0833ffe2c6e607c4080706a723a18a27aeea778392\windows-amd64

VM Arguments:
jvm_args: --add-opens=java.base/java.util=ALL-UNNAMED --add-opens=java.base/java.lang=ALL-UNNAMED --add-opens=java.base/java.lang.invoke=ALL-UNNAMED --add-opens=java.prefs/java.util.prefs=ALL-UNNAMED --add-opens=java.base/java.nio.charset=ALL-UNNAMED --add-opens=java.base/java.net=ALL-UNNAMED --add-opens=java.base/java.util.concurrent.atomic=ALL-UNNAMED -Xmx2048m -Dfile.encoding=UTF-8 -Duser.country=CN -Duser.language=zh -Duser.variant 
java_command: org.gradle.launcher.daemon.bootstrap.GradleDaemon 8.0
java_class_path (initial): D:\AndroidStudio\.gradle\wrapper\dists\gradle-8.0-bin\ca5e32bp14vu59qr306oxotwh\gradle-8.0\lib\gradle-launcher-8.0.jar
Launcher Type: SUN_STANDARD

[Global flags]
     intx CICompilerCount                          = 12                                        {product} {ergonomic}
     uint ConcGCThreads                            = 3                                         {product} {ergonomic}
     uint G1ConcRefinementThreads                  = 13                                        {product} {ergonomic}
   size_t G1HeapRegionSize                         = 1048576                                   {product} {ergonomic}
    uintx GCDrainStackTargetSize                   = 64                                        {product} {ergonomic}
   size_t InitialHeapSize                          = 266338304                                 {product} {ergonomic}
   size_t MarkStackSize                            = 4194304                                   {product} {ergonomic}
   size_t MaxHeapSize                              = 2147483648                                {product} {command line}
   size_t MaxNewSize                               = 1287651328                                {product} {ergonomic}
   size_t MinHeapDeltaBytes                        = 1048576                                   {product} {ergonomic}
   size_t MinHeapSize                              = 8388608                                   {product} {ergonomic}
    uintx NonNMethodCodeHeapSize                   = 7602480                                {pd product} {ergonomic}
    uintx NonProfiledCodeHeapSize                  = 122027880                              {pd product} {ergonomic}
    uintx ProfiledCodeHeapSize                     = 122027880                              {pd product} {ergonomic}
    uintx ReservedCodeCacheSize                    = 251658240                              {pd product} {ergonomic}
     bool SegmentedCodeCache                       = true                                      {product} {ergonomic}
   size_t SoftMaxHeapSize                          = 2147483648                             {manageable} {ergonomic}
     bool UseCompressedClassPointers               = true                           {product lp64_product} {ergonomic}
     bool UseCompressedOops                        = true                           {product lp64_product} {ergonomic}
     bool UseG1GC                                  = true                                      {product} {ergonomic}
     bool UseLargePagesIndividualAllocation        = false                                  {pd product} {ergonomic}

Logging:
Log output configuration:
 #0: stdout all=warning uptime,level,tags
 #1: stderr all=off uptime,level,tags

Environment Variables:
CLASSPATH=%JAVA_HOME%\lib\dt.jar;%JAVA_HOME%\lib\tools.jar; 
PATH=C:\Program Files\Common Files\Oracle\Java\javapath;C:\Program Files (x86)\Common Files\Oracle\Java\javapath;C:\Program Files (x86)\Common Files\Intel\Shared Libraries\redist\intel64\compiler;C:\Windows\system32;C:\Windows;C:\Windows\System32\Wbem;C:\Windows\System32\WindowsPowerShell\v1.0\;C:\Windows\System32\OpenSSH\;C:\Program Files (x86)\NVIDIA Corporation\PhysX\Common;C:\Program Files\NVIDIA Corporation\NVIDIA NvDLISR;%JAVA_HOME%\bin;%JAVA_HOME%\jre\bin;C:\Program Files\Git\cmd;C:\Program Files (x86)\dotnet\;D:\SDKHOME;C:\Program Files\MySQL\MySQL Shell 8.0\bin\;C:\Users\86181\AppData\Local\Programs\Python\Python38\Scripts\;C:\Users\86181\AppData\Local\Programs\Python\Python38\;C:\Users\86181\AppData\Local\Microsoft\WindowsApps;C:\Program Files\Git\cmd;D:\Microsoft VS Code\bin;D:\MSYS2\mingw64\bin;
USERNAME=
OS=Windows_NT
PROCESSOR_IDENTIFIER=Intel64 Family 6 Model 141 Stepping 1, GenuineIntel
TMP=C:\Users\86181\AppData\Local\Temp
TEMP=C:\Users\86181\AppData\Local\Temp



---------------  S Y S T E M  ---------------

OS:
 Windows 10 , 64 bit Build 19041 (10.0.19041.2788)
OS uptime: 0 days 3:38 hours

CPU: total 16 (initial active 16) (8 cores per cpu, 2 threads per core) family 6 model 141 stepping 1 microcode 0x34, cx8, cmov, fxsr, ht, mmx, 3dnowpref, sse, sse2, sse3, ssse3, sse4.1, sse4.2, popcnt, lzcnt, tsc, tscinvbit, avx, avx2, aes, erms, clmul, bmi1, bmi2, adx, avx512f, avx512dq, avx512cd, avx512bw, avx512vl, sha, fma, vzeroupper, avx512_vpopcntdq, avx512_vpclmulqdq, avx512_vaes, avx512_vnni, clflush, clflushopt, clwb, avx512_vbmi2, avx512_vbmi

Memory: 4k page, system-wide physical 16193M (3267M free)
TotalPageFile size 20936M (AvailPageFile size 166M)
current process WorkingSet (physical memory assigned to process): 167M, peak: 191M
current process commit charge ("private bytes"): 226M, peak: 411M

vm_info: OpenJDK 64-Bit Server VM (17.0.6+0-b2043.56-9586694) for windows-amd64 JRE (17.0.6+0-b2043.56-9586694), built on Feb  9 2023 20:06:20 by "androidbuild" with MS VC++ 16.10 / 16.11 (VS2019)

END.
